<?xml version="1.0" encoding="UTF-8"?>
<testng-results ignored="0" total="1" passed="1" failed="0" skipped="0">
  <reporter-output>
  </reporter-output>
  <suite started-at="2025-03-28T16:59:01 IST" name="Default suite" finished-at="2025-03-28T16:59:48 IST" duration-ms="46943">
    <groups>
    </groups>
    <test started-at="2025-03-28T16:59:01 IST" name="Default test" finished-at="2025-03-28T16:59:48 IST" duration-ms="46943">
      <class name="ZapTest">
        <test-method is-config="true" signature="setUp()[pri:0, instance:ZapTest@4f6ee6e4]" started-at="2025-03-28T16:59:01 IST" name="setUp" finished-at="2025-03-28T16:59:04 IST" duration-ms="2996" status="PASS">
          <reporter-output>
          </reporter-output>
        </test-method> <!-- setUp -->
        <test-method signature="testActiveScan()[pri:0, instance:ZapTest@4f6ee6e4]" started-at="2025-03-28T16:59:04 IST" name="testActiveScan" finished-at="2025-03-28T16:59:46 IST" duration-ms="42122" status="PASS">
          <reporter-output>
          </reporter-output>
        </test-method> <!-- testActiveScan -->
        <test-method is-config="true" signature="tearDown(java.lang.reflect.Method)[pri:0, instance:ZapTest@4f6ee6e4]" started-at="2025-03-28T16:59:46 IST" name="tearDown" finished-at="2025-03-28T16:59:48 IST" duration-ms="1768" status="PASS">
          <params>
            <param index="0">
              <value>
                <![CDATA[public void ZapTest.testActiveScan() throws org.zaproxy.clientapi.core.ClientApiException]]>
              </value>
            </param>
          </params>
          <reporter-output>
          </reporter-output>
        </test-method> <!-- tearDown -->
      </class> <!-- ZapTest -->
    </test> <!-- Default test -->
  </suite> <!-- Default suite -->
</testng-results>
