<?xml version="1.0" encoding="UTF-8"?>
<testng-results ignored="0" total="1" passed="1" failed="0" skipped="0">
  <reporter-output>
  </reporter-output>
  <suite started-at="2025-03-12T16:57:16 IST" name="Default suite" finished-at="2025-03-12T16:57:23 IST" duration-ms="6395">
    <groups>
    </groups>
    <test started-at="2025-03-12T16:57:16 IST" name="Default test" finished-at="2025-03-12T16:57:23 IST" duration-ms="6395">
      <class name="Basics.BDD_STYLE_POST">
        <test-method signature="NOO()[pri:0, instance:Basics.BDD_STYLE_POST@703580bf]" started-at="2025-03-12T16:57:17 IST" name="NOO" finished-at="2025-03-12T16:57:23 IST" duration-ms="6333" status="PASS">
          <reporter-output>
          </reporter-output>
        </test-method> <!-- NOO -->
      </class> <!-- Basics.BDD_STYLE_POST -->
    </test> <!-- Default test -->
  </suite> <!-- Default suite -->
</testng-results>
