<?xml version="1.0" encoding="UTF-8"?>
<testng-results ignored="0" total="1" passed="1" failed="0" skipped="0">
  <reporter-output>
  </reporter-output>
  <suite started-at="2025-03-28T15:33:11 IST" name="Default suite" finished-at="2025-03-28T15:33:16 IST" duration-ms="4739">
    <groups>
    </groups>
    <test started-at="2025-03-28T15:33:11 IST" name="Default test" finished-at="2025-03-28T15:33:16 IST" duration-ms="4739">
      <class name="ZapTest">
        <test-method is-config="true" signature="setUp()[pri:0, instance:ZapTest@5ffead27]" started-at="2025-03-28T15:33:11 IST" name="setUp" finished-at="2025-03-28T15:33:14 IST" duration-ms="2991" status="PASS">
          <reporter-output>
          </reporter-output>
        </test-method> <!-- setUp -->
        <test-method signature="testPassiveScan()[pri:0, instance:ZapTest@5ffead27]" started-at="2025-03-28T15:33:14 IST" name="testPassiveScan" finished-at="2025-03-28T15:33:15 IST" duration-ms="1256" status="PASS">
          <reporter-output>
          </reporter-output>
        </test-method> <!-- testPassiveScan -->
        <test-method is-config="true" signature="tearDown(java.lang.reflect.Method)[pri:0, instance:ZapTest@5ffead27]" started-at="2025-03-28T15:33:15 IST" name="tearDown" finished-at="2025-03-28T15:33:16 IST" duration-ms="436" status="PASS">
          <params>
            <param index="0">
              <value>
                <![CDATA[public void ZapTest.testPassiveScan()]]>
              </value>
            </param>
          </params>
          <reporter-output>
          </reporter-output>
        </test-method> <!-- tearDown -->
      </class> <!-- ZapTest -->
    </test> <!-- Default test -->
  </suite> <!-- Default suite -->
</testng-results>
