<?xml version="1.0" encoding="UTF-8"?>
<testng-results ignored="0" total="1" passed="1" failed="0" skipped="0">
  <reporter-output>
  </reporter-output>
  <suite started-at="2025-03-24T21:58:30 IST" name="Default suite" finished-at="2025-03-24T22:17:41 IST" duration-ms="1151103">
    <groups>
    </groups>
    <test started-at="2025-03-24T21:58:30 IST" name="Default test" finished-at="2025-03-24T22:17:41 IST" duration-ms="1151103">
      <class name="ZapTest">
        <test-method is-config="true" signature="setUp()[pri:0, instance:ZapTest@4f6ee6e4]" started-at="2025-03-24T21:58:30 IST" name="setUp" finished-at="2025-03-24T21:58:34 IST" duration-ms="3941" status="PASS">
          <reporter-output>
          </reporter-output>
        </test-method> <!-- setUp -->
        <test-method signature="testSpider()[pri:0, instance:ZapTest@4f6ee6e4]" started-at="2025-03-24T21:58:34 IST" name="testSpider" finished-at="2025-03-24T22:17:34 IST" duration-ms="1140213" status="PASS">
          <reporter-output>
          </reporter-output>
        </test-method> <!-- testSpider -->
        <test-method is-config="true" signature="tearDown(java.lang.reflect.Method)[pri:0, instance:ZapTest@4f6ee6e4]" started-at="2025-03-24T22:17:34 IST" name="tearDown" finished-at="2025-03-24T22:17:41 IST" duration-ms="6863" status="PASS">
          <params>
            <param index="0">
              <value>
                <![CDATA[public void ZapTest.testSpider() throws org.zaproxy.clientapi.core.ClientApiException]]>
              </value>
            </param>
          </params>
          <reporter-output>
          </reporter-output>
        </test-method> <!-- tearDown -->
      </class> <!-- ZapTest -->
    </test> <!-- Default test -->
  </suite> <!-- Default suite -->
</testng-results>
