<?xml version="1.0" encoding="UTF-8"?>
<testng-results ignored="0" total="1" passed="1" failed="0" skipped="0">
  <reporter-output>
  </reporter-output>
  <suite started-at="2025-03-04T16:24:01 IST" name="Default suite" finished-at="2025-03-04T16:24:11 IST" duration-ms="10455">
    <groups>
    </groups>
    <test started-at="2025-03-04T16:24:01 IST" name="Default test" finished-at="2025-03-04T16:24:11 IST" duration-ms="10455">
      <class name="testCases.TC001_AccountRegistrationTest">
        <test-method is-config="true" signature="setUp()[pri:0, instance:testCases.TC001_AccountRegistrationTest@35cabb2a]" started-at="2025-03-04T16:24:01 IST" name="setUp" finished-at="2025-03-04T16:24:05 IST" duration-ms="4196" status="PASS">
          <reporter-output>
          </reporter-output>
        </test-method> <!-- setUp -->
        <test-method signature="verify_account_reg()[pri:0, instance:testCases.TC001_AccountRegistrationTest@35cabb2a]" started-at="2025-03-04T16:24:05 IST" name="verify_account_reg" finished-at="2025-03-04T16:24:11 IST" duration-ms="5802" status="PASS">
          <reporter-output>
          </reporter-output>
        </test-method> <!-- verify_account_reg -->
        <test-method is-config="true" signature="EndofCode()[pri:0, instance:testCases.TC001_AccountRegistrationTest@35cabb2a]" started-at="2025-03-04T16:24:11 IST" name="EndofCode" finished-at="2025-03-04T16:24:11 IST" duration-ms="387" status="PASS">
          <reporter-output>
          </reporter-output>
        </test-method> <!-- EndofCode -->
      </class> <!-- testCases.TC001_AccountRegistrationTest -->
    </test> <!-- Default test -->
  </suite> <!-- Default suite -->
</testng-results>
